<?xml version="1.0" encoding="UTF-8"?>
<!-- Generated by org.testng.reporters.JUnitReportReporter -->
<testsuite skipped="0" hostname="LAPTOP-81GDRJC4" name="com.comcast.contact.Contact" tests="3" failures="0" timestamp="21 Sep 2021 11:24:06 GMT" time="0.022" errors="0">
  <testcase name="CreateContactTest" time="0.017" classname="com.comcast.contact.Contact"/>
  <testcase name="CreateContactWithOrgTest" time="0.003" classname="com.comcast.contact.Contact"/>
  <testcase name="DeleteContact" time="0.002" classname="com.comcast.contact.Contact"/>
</testsuite> <!-- com.comcast.contact.Contact -->
